20-Apr-2021 07:43:13.591 INFO [main] org.apache.catalina.startup.VersionLoggerListener.log 서버 버전 이름:    Apache Tomcat/8.5.65
20-Apr-2021 07:43:13.597 INFO [main] org.apache.catalina.startup.VersionLoggerListener.log Server 빌드 시각:  Mar 30 2021 12:28:40 UTC
20-Apr-2021 07:43:13.597 INFO [main] org.apache.catalina.startup.VersionLoggerListener.log Server 버전 번호:  8.5.65.0
20-Apr-2021 07:43:13.597 INFO [main] org.apache.catalina.startup.VersionLoggerListener.log 운영체제 이름:     Windows 10
20-Apr-2021 07:43:13.597 INFO [main] org.apache.catalina.startup.VersionLoggerListener.log 운영체제 버전:     10.0
20-Apr-2021 07:43:13.597 INFO [main] org.apache.catalina.startup.VersionLoggerListener.log 아키텍처:          amd64
20-Apr-2021 07:43:13.597 INFO [main] org.apache.catalina.startup.VersionLoggerListener.log 자바 홈:           C:\Program Files\jdk-11.0.2
20-Apr-2021 07:43:13.597 INFO [main] org.apache.catalina.startup.VersionLoggerListener.log JVM 버전:          11.0.2+9
20-Apr-2021 07:43:13.597 INFO [main] org.apache.catalina.startup.VersionLoggerListener.log JVM 벤더:          Oracle Corporation
20-Apr-2021 07:43:13.597 INFO [main] org.apache.catalina.startup.VersionLoggerListener.log CATALINA_BASE:     D:\DownLoads\apache-tomcat-8.5.65-windows-x64\apache-tomcat-8.5.65
20-Apr-2021 07:43:13.597 INFO [main] org.apache.catalina.startup.VersionLoggerListener.log CATALINA_HOME:     D:\DownLoads\apache-tomcat-8.5.65-windows-x64\apache-tomcat-8.5.65
20-Apr-2021 07:43:13.597 INFO [main] org.apache.catalina.startup.VersionLoggerListener.log 명령 행 아규먼트:  --add-opens=java.base/java.lang=ALL-UNNAMED
20-Apr-2021 07:43:13.600 INFO [main] org.apache.catalina.startup.VersionLoggerListener.log 명령 행 아규먼트:  --add-opens=java.base/java.io=ALL-UNNAMED
20-Apr-2021 07:43:13.600 INFO [main] org.apache.catalina.startup.VersionLoggerListener.log 명령 행 아규먼트:  --add-opens=java.base/java.util=ALL-UNNAMED
20-Apr-2021 07:43:13.600 INFO [main] org.apache.catalina.startup.VersionLoggerListener.log 명령 행 아규먼트:  --add-opens=java.base/java.util.concurrent=ALL-UNNAMED
20-Apr-2021 07:43:13.600 INFO [main] org.apache.catalina.startup.VersionLoggerListener.log 명령 행 아규먼트:  --add-opens=java.rmi/sun.rmi.transport=ALL-UNNAMED
20-Apr-2021 07:43:13.600 INFO [main] org.apache.catalina.startup.VersionLoggerListener.log 명령 행 아규먼트:  -Djava.util.logging.config.file=D:\DownLoads\apache-tomcat-8.5.65-windows-x64\apache-tomcat-8.5.65\conf\logging.properties
20-Apr-2021 07:43:13.603 INFO [main] org.apache.catalina.startup.VersionLoggerListener.log 명령 행 아규먼트:  -Djava.util.logging.manager=org.apache.juli.ClassLoaderLogManager
20-Apr-2021 07:43:13.603 INFO [main] org.apache.catalina.startup.VersionLoggerListener.log 명령 행 아규먼트:  -Djdk.tls.ephemeralDHKeySize=2048
20-Apr-2021 07:43:13.603 INFO [main] org.apache.catalina.startup.VersionLoggerListener.log 명령 행 아규먼트:  -Djava.protocol.handler.pkgs=org.apache.catalina.webresources
20-Apr-2021 07:43:13.603 INFO [main] org.apache.catalina.startup.VersionLoggerListener.log 명령 행 아규먼트:  -Dignore.endorsed.dirs=
20-Apr-2021 07:43:13.603 INFO [main] org.apache.catalina.startup.VersionLoggerListener.log 명령 행 아규먼트:  -Dcatalina.base=D:\DownLoads\apache-tomcat-8.5.65-windows-x64\apache-tomcat-8.5.65
20-Apr-2021 07:43:13.603 INFO [main] org.apache.catalina.startup.VersionLoggerListener.log 명령 행 아규먼트:  -Dcatalina.home=D:\DownLoads\apache-tomcat-8.5.65-windows-x64\apache-tomcat-8.5.65
20-Apr-2021 07:43:13.606 INFO [main] org.apache.catalina.startup.VersionLoggerListener.log 명령 행 아규먼트:  -Djava.io.tmpdir=D:\DownLoads\apache-tomcat-8.5.65-windows-x64\apache-tomcat-8.5.65\temp
20-Apr-2021 07:43:13.606 INFO [main] org.apache.catalina.core.AprLifecycleListener.lifecycleEvent APR 버전 [1.7.0]을(를) 사용한, APR 기반 Apache Tomcat Native 라이브러리 [1.2.27]을(를) 로드했습니다.
20-Apr-2021 07:43:13.609 INFO [main] org.apache.catalina.core.AprLifecycleListener.lifecycleEvent APR 용량정보들: IPv6 [true], sendfile [true], accept filters [false], random [true].
20-Apr-2021 07:43:13.609 INFO [main] org.apache.catalina.core.AprLifecycleListener.lifecycleEvent APR/OpenSSL 설정: useAprConnector [false], useOpenSSL [true]
20-Apr-2021 07:43:13.612 INFO [main] org.apache.catalina.core.AprLifecycleListener.initializeSSL OpenSSL이 성공적으로 초기화되었습니다: [OpenSSL 1.1.1k  25 Mar 2021]
20-Apr-2021 07:43:13.639 INFO [main] org.apache.coyote.AbstractProtocol.init 프로토콜 핸들러 ["http-nio-9090"]을(를) 초기화합니다.
20-Apr-2021 07:43:13.747 INFO [main] org.apache.tomcat.util.net.NioSelectorPool.getSharedSelector Using a shared selector for servlet write/read
20-Apr-2021 07:43:13.753 INFO [main] org.apache.catalina.startup.Catalina.load Initialization processed in 512 ms
20-Apr-2021 07:43:13.789 INFO [main] org.apache.catalina.core.StandardService.startInternal 서비스 [Catalina]을(를) 시작합니다.
20-Apr-2021 07:43:13.789 INFO [main] org.apache.catalina.core.StandardEngine.startInternal 서버 엔진을 시작합니다: [Apache Tomcat/8.5.65]
20-Apr-2021 07:43:13.966 INFO [localhost-startStop-1] org.apache.catalina.startup.HostConfig.deployDirectory 웹 애플리케이션 디렉토리 [D:\DownLoads\apache-tomcat-8.5.65-windows-x64\apache-tomcat-8.5.65\webapps\docs]을(를) 배치합니다.
20-Apr-2021 07:43:14.185 INFO [localhost-startStop-1] org.apache.catalina.startup.HostConfig.deployDirectory 웹 애플리케이션 디렉토리 [D:\DownLoads\apache-tomcat-8.5.65-windows-x64\apache-tomcat-8.5.65\webapps\docs]에 대한 배치가 [216] 밀리초에 완료되었습니다.
20-Apr-2021 07:43:14.188 INFO [localhost-startStop-1] org.apache.catalina.startup.HostConfig.deployDirectory 웹 애플리케이션 디렉토리 [D:\DownLoads\apache-tomcat-8.5.65-windows-x64\apache-tomcat-8.5.65\webapps\examples]을(를) 배치합니다.
20-Apr-2021 07:43:14.372 INFO [localhost-startStop-1] org.apache.catalina.startup.HostConfig.deployDirectory 웹 애플리케이션 디렉토리 [D:\DownLoads\apache-tomcat-8.5.65-windows-x64\apache-tomcat-8.5.65\webapps\examples]에 대한 배치가 [184] 밀리초에 완료되었습니다.
20-Apr-2021 07:43:14.372 INFO [localhost-startStop-1] org.apache.catalina.startup.HostConfig.deployDirectory 웹 애플리케이션 디렉토리 [D:\DownLoads\apache-tomcat-8.5.65-windows-x64\apache-tomcat-8.5.65\webapps\host-manager]을(를) 배치합니다.
20-Apr-2021 07:43:14.390 INFO [localhost-startStop-1] org.apache.catalina.startup.HostConfig.deployDirectory 웹 애플리케이션 디렉토리 [D:\DownLoads\apache-tomcat-8.5.65-windows-x64\apache-tomcat-8.5.65\webapps\host-manager]에 대한 배치가 [18] 밀리초에 완료되었습니다.
20-Apr-2021 07:43:14.390 INFO [localhost-startStop-1] org.apache.catalina.startup.HostConfig.deployDirectory 웹 애플리케이션 디렉토리 [D:\DownLoads\apache-tomcat-8.5.65-windows-x64\apache-tomcat-8.5.65\webapps\manager]을(를) 배치합니다.
20-Apr-2021 07:43:14.405 INFO [localhost-startStop-1] org.apache.catalina.startup.HostConfig.deployDirectory 웹 애플리케이션 디렉토리 [D:\DownLoads\apache-tomcat-8.5.65-windows-x64\apache-tomcat-8.5.65\webapps\manager]에 대한 배치가 [15] 밀리초에 완료되었습니다.
20-Apr-2021 07:43:14.408 INFO [localhost-startStop-1] org.apache.catalina.startup.HostConfig.deployDirectory 웹 애플리케이션 디렉토리 [D:\DownLoads\apache-tomcat-8.5.65-windows-x64\apache-tomcat-8.5.65\webapps\ROOT]을(를) 배치합니다.
20-Apr-2021 07:43:14.420 INFO [localhost-startStop-1] org.apache.catalina.startup.HostConfig.deployDirectory 웹 애플리케이션 디렉토리 [D:\DownLoads\apache-tomcat-8.5.65-windows-x64\apache-tomcat-8.5.65\webapps\ROOT]에 대한 배치가 [12] 밀리초에 완료되었습니다.
20-Apr-2021 07:43:14.423 INFO [main] org.apache.coyote.AbstractProtocol.start 프로토콜 핸들러 ["http-nio-9090"]을(를) 시작합니다.
20-Apr-2021 07:43:14.432 INFO [main] org.apache.catalina.startup.Catalina.start Server startup in 676 ms
20-Apr-2021 07:43:30.597 INFO [main] org.apache.catalina.core.StandardServer.await 셧다운 포트를 통해 유효한 셧다운 명령을 받았습니다. 서버 인스턴스를 중지시킵니다.
20-Apr-2021 07:43:33.847 INFO [main] org.apache.coyote.AbstractProtocol.pause 프로토콜 핸들러 ["http-nio-9090"]을(를) 일시 정지 중
20-Apr-2021 07:43:33.908 INFO [main] org.apache.catalina.core.StandardService.stopInternal 서비스 [Catalina]을(를) 중지시킵니다.
20-Apr-2021 07:43:33.929 INFO [main] org.apache.coyote.AbstractProtocol.stop 프로토콜 핸들러 ["http-nio-9090"]을(를) 중지시킵니다.
20-Apr-2021 07:43:33.932 INFO [main] org.apache.coyote.AbstractProtocol.destroy 프로토콜 핸들러 ["http-nio-9090"]을(를) 소멸시킵니다.
20-Apr-2021 07:43:56.153 INFO [main] org.apache.catalina.startup.VersionLoggerListener.log 서버 버전 이름:    Apache Tomcat/8.5.65
20-Apr-2021 07:43:56.156 INFO [main] org.apache.catalina.startup.VersionLoggerListener.log Server 빌드 시각:  Mar 30 2021 12:28:40 UTC
20-Apr-2021 07:43:56.156 INFO [main] org.apache.catalina.startup.VersionLoggerListener.log Server 버전 번호:  8.5.65.0
20-Apr-2021 07:43:56.156 INFO [main] org.apache.catalina.startup.VersionLoggerListener.log 운영체제 이름:     Windows 10
20-Apr-2021 07:43:56.156 INFO [main] org.apache.catalina.startup.VersionLoggerListener.log 운영체제 버전:     10.0
20-Apr-2021 07:43:56.156 INFO [main] org.apache.catalina.startup.VersionLoggerListener.log 아키텍처:          amd64
20-Apr-2021 07:43:56.156 INFO [main] org.apache.catalina.startup.VersionLoggerListener.log 자바 홈:           C:\Program Files\jdk-11.0.2
20-Apr-2021 07:43:56.156 INFO [main] org.apache.catalina.startup.VersionLoggerListener.log JVM 버전:          11.0.2+9
20-Apr-2021 07:43:56.156 INFO [main] org.apache.catalina.startup.VersionLoggerListener.log JVM 벤더:          Oracle Corporation
20-Apr-2021 07:43:56.156 INFO [main] org.apache.catalina.startup.VersionLoggerListener.log CATALINA_BASE:     D:\DownLoads\apache-tomcat-8.5.65-windows-x64\apache-tomcat-8.5.65
20-Apr-2021 07:43:56.156 INFO [main] org.apache.catalina.startup.VersionLoggerListener.log CATALINA_HOME:     D:\DownLoads\apache-tomcat-8.5.65-windows-x64\apache-tomcat-8.5.65
20-Apr-2021 07:43:56.156 INFO [main] org.apache.catalina.startup.VersionLoggerListener.log 명령 행 아규먼트:  --add-opens=java.base/java.lang=ALL-UNNAMED
20-Apr-2021 07:43:56.159 INFO [main] org.apache.catalina.startup.VersionLoggerListener.log 명령 행 아규먼트:  --add-opens=java.base/java.io=ALL-UNNAMED
20-Apr-2021 07:43:56.159 INFO [main] org.apache.catalina.startup.VersionLoggerListener.log 명령 행 아규먼트:  --add-opens=java.base/java.util=ALL-UNNAMED
20-Apr-2021 07:43:56.159 INFO [main] org.apache.catalina.startup.VersionLoggerListener.log 명령 행 아규먼트:  --add-opens=java.base/java.util.concurrent=ALL-UNNAMED
20-Apr-2021 07:43:56.159 INFO [main] org.apache.catalina.startup.VersionLoggerListener.log 명령 행 아규먼트:  --add-opens=java.rmi/sun.rmi.transport=ALL-UNNAMED
20-Apr-2021 07:43:56.159 INFO [main] org.apache.catalina.startup.VersionLoggerListener.log 명령 행 아규먼트:  -Djava.util.logging.config.file=D:\DownLoads\apache-tomcat-8.5.65-windows-x64\apache-tomcat-8.5.65\conf\logging.properties
20-Apr-2021 07:43:56.159 INFO [main] org.apache.catalina.startup.VersionLoggerListener.log 명령 행 아규먼트:  -Djava.util.logging.manager=org.apache.juli.ClassLoaderLogManager
20-Apr-2021 07:43:56.162 INFO [main] org.apache.catalina.startup.VersionLoggerListener.log 명령 행 아규먼트:  -Djdk.tls.ephemeralDHKeySize=2048
20-Apr-2021 07:43:56.162 INFO [main] org.apache.catalina.startup.VersionLoggerListener.log 명령 행 아규먼트:  -Djava.protocol.handler.pkgs=org.apache.catalina.webresources
20-Apr-2021 07:43:56.162 INFO [main] org.apache.catalina.startup.VersionLoggerListener.log 명령 행 아규먼트:  -Dignore.endorsed.dirs=
20-Apr-2021 07:43:56.162 INFO [main] org.apache.catalina.startup.VersionLoggerListener.log 명령 행 아규먼트:  -Dcatalina.base=D:\DownLoads\apache-tomcat-8.5.65-windows-x64\apache-tomcat-8.5.65
20-Apr-2021 07:43:56.162 INFO [main] org.apache.catalina.startup.VersionLoggerListener.log 명령 행 아규먼트:  -Dcatalina.home=D:\DownLoads\apache-tomcat-8.5.65-windows-x64\apache-tomcat-8.5.65
20-Apr-2021 07:43:56.162 INFO [main] org.apache.catalina.startup.VersionLoggerListener.log 명령 행 아규먼트:  -Djava.io.tmpdir=D:\DownLoads\apache-tomcat-8.5.65-windows-x64\apache-tomcat-8.5.65\temp
20-Apr-2021 07:43:56.165 INFO [main] org.apache.catalina.core.AprLifecycleListener.lifecycleEvent APR 버전 [1.7.0]을(를) 사용한, APR 기반 Apache Tomcat Native 라이브러리 [1.2.27]을(를) 로드했습니다.
20-Apr-2021 07:43:56.165 INFO [main] org.apache.catalina.core.AprLifecycleListener.lifecycleEvent APR 용량정보들: IPv6 [true], sendfile [true], accept filters [false], random [true].
20-Apr-2021 07:43:56.165 INFO [main] org.apache.catalina.core.AprLifecycleListener.lifecycleEvent APR/OpenSSL 설정: useAprConnector [false], useOpenSSL [true]
20-Apr-2021 07:43:56.171 INFO [main] org.apache.catalina.core.AprLifecycleListener.initializeSSL OpenSSL이 성공적으로 초기화되었습니다: [OpenSSL 1.1.1k  25 Mar 2021]
20-Apr-2021 07:43:56.195 INFO [main] org.apache.coyote.AbstractProtocol.init 프로토콜 핸들러 ["http-nio-9090"]을(를) 초기화합니다.
20-Apr-2021 07:43:56.283 INFO [main] org.apache.tomcat.util.net.NioSelectorPool.getSharedSelector Using a shared selector for servlet write/read
20-Apr-2021 07:43:56.292 INFO [main] org.apache.catalina.startup.Catalina.load Initialization processed in 438 ms
20-Apr-2021 07:43:56.322 INFO [main] org.apache.catalina.core.StandardService.startInternal 서비스 [Catalina]을(를) 시작합니다.
20-Apr-2021 07:43:56.325 INFO [main] org.apache.catalina.core.StandardEngine.startInternal 서버 엔진을 시작합니다: [Apache Tomcat/8.5.65]
20-Apr-2021 07:43:56.331 INFO [localhost-startStop-1] org.apache.catalina.startup.HostConfig.deployDirectory 웹 애플리케이션 디렉토리 [D:\DownLoads\apache-tomcat-8.5.65-windows-x64\apache-tomcat-8.5.65\webapps\docs]을(를) 배치합니다.
20-Apr-2021 07:43:56.552 INFO [localhost-startStop-1] org.apache.catalina.startup.HostConfig.deployDirectory 웹 애플리케이션 디렉토리 [D:\DownLoads\apache-tomcat-8.5.65-windows-x64\apache-tomcat-8.5.65\webapps\docs]에 대한 배치가 [220] 밀리초에 완료되었습니다.
20-Apr-2021 07:43:56.554 INFO [localhost-startStop-1] org.apache.catalina.startup.HostConfig.deployDirectory 웹 애플리케이션 디렉토리 [D:\DownLoads\apache-tomcat-8.5.65-windows-x64\apache-tomcat-8.5.65\webapps\examples]을(를) 배치합니다.
20-Apr-2021 07:43:56.739 INFO [localhost-startStop-1] org.apache.catalina.startup.HostConfig.deployDirectory 웹 애플리케이션 디렉토리 [D:\DownLoads\apache-tomcat-8.5.65-windows-x64\apache-tomcat-8.5.65\webapps\examples]에 대한 배치가 [185] 밀리초에 완료되었습니다.
20-Apr-2021 07:43:56.739 INFO [localhost-startStop-1] org.apache.catalina.startup.HostConfig.deployDirectory 웹 애플리케이션 디렉토리 [D:\DownLoads\apache-tomcat-8.5.65-windows-x64\apache-tomcat-8.5.65\webapps\host-manager]을(를) 배치합니다.
20-Apr-2021 07:43:56.757 INFO [localhost-startStop-1] org.apache.catalina.startup.HostConfig.deployDirectory 웹 애플리케이션 디렉토리 [D:\DownLoads\apache-tomcat-8.5.65-windows-x64\apache-tomcat-8.5.65\webapps\host-manager]에 대한 배치가 [18] 밀리초에 완료되었습니다.
20-Apr-2021 07:43:56.757 INFO [localhost-startStop-1] org.apache.catalina.startup.HostConfig.deployDirectory 웹 애플리케이션 디렉토리 [D:\DownLoads\apache-tomcat-8.5.65-windows-x64\apache-tomcat-8.5.65\webapps\manager]을(를) 배치합니다.
20-Apr-2021 07:43:56.775 INFO [localhost-startStop-1] org.apache.catalina.startup.HostConfig.deployDirectory 웹 애플리케이션 디렉토리 [D:\DownLoads\apache-tomcat-8.5.65-windows-x64\apache-tomcat-8.5.65\webapps\manager]에 대한 배치가 [18] 밀리초에 완료되었습니다.
20-Apr-2021 07:43:56.775 INFO [localhost-startStop-1] org.apache.catalina.startup.HostConfig.deployDirectory 웹 애플리케이션 디렉토리 [D:\DownLoads\apache-tomcat-8.5.65-windows-x64\apache-tomcat-8.5.65\webapps\ROOT]을(를) 배치합니다.
20-Apr-2021 07:43:56.787 INFO [localhost-startStop-1] org.apache.catalina.startup.HostConfig.deployDirectory 웹 애플리케이션 디렉토리 [D:\DownLoads\apache-tomcat-8.5.65-windows-x64\apache-tomcat-8.5.65\webapps\ROOT]에 대한 배치가 [12] 밀리초에 완료되었습니다.
20-Apr-2021 07:43:56.793 INFO [main] org.apache.coyote.AbstractProtocol.start 프로토콜 핸들러 ["http-nio-9090"]을(를) 시작합니다.
20-Apr-2021 07:43:56.799 INFO [main] org.apache.catalina.startup.Catalina.start Server startup in 507 ms
20-Apr-2021 07:44:23.231 INFO [main] org.apache.catalina.core.StandardServer.await 셧다운 포트를 통해 유효한 셧다운 명령을 받았습니다. 서버 인스턴스를 중지시킵니다.
20-Apr-2021 07:44:23.234 INFO [main] org.apache.coyote.AbstractProtocol.pause 프로토콜 핸들러 ["http-nio-9090"]을(를) 일시 정지 중
20-Apr-2021 07:44:23.294 INFO [main] org.apache.catalina.core.StandardService.stopInternal 서비스 [Catalina]을(를) 중지시킵니다.
20-Apr-2021 07:44:23.315 INFO [main] org.apache.coyote.AbstractProtocol.stop 프로토콜 핸들러 ["http-nio-9090"]을(를) 중지시킵니다.
20-Apr-2021 07:44:23.318 INFO [main] org.apache.coyote.AbstractProtocol.destroy 프로토콜 핸들러 ["http-nio-9090"]을(를) 소멸시킵니다.
20-Apr-2021 07:59:10.216 SEVERE [main] org.apache.catalina.startup.Catalina.stopServer Could not contact [localhost:8005]. Tomcat may not be running.
20-Apr-2021 09:07:51.539 INFO [main] org.apache.catalina.startup.VersionLoggerListener.log 서버 버전 이름:    Apache Tomcat/8.5.65
20-Apr-2021 09:07:51.542 INFO [main] org.apache.catalina.startup.VersionLoggerListener.log Server 빌드 시각:  Mar 30 2021 12:28:40 UTC
20-Apr-2021 09:07:51.542 INFO [main] org.apache.catalina.startup.VersionLoggerListener.log Server 버전 번호:  8.5.65.0
20-Apr-2021 09:07:51.542 INFO [main] org.apache.catalina.startup.VersionLoggerListener.log 운영체제 이름:     Windows 10
20-Apr-2021 09:07:51.542 INFO [main] org.apache.catalina.startup.VersionLoggerListener.log 운영체제 버전:     10.0
20-Apr-2021 09:07:51.543 INFO [main] org.apache.catalina.startup.VersionLoggerListener.log 아키텍처:          amd64
20-Apr-2021 09:07:51.543 INFO [main] org.apache.catalina.startup.VersionLoggerListener.log 자바 홈:           C:\Program Files\jdk-11.0.2
20-Apr-2021 09:07:51.543 INFO [main] org.apache.catalina.startup.VersionLoggerListener.log JVM 버전:          11.0.2+9
20-Apr-2021 09:07:51.543 INFO [main] org.apache.catalina.startup.VersionLoggerListener.log JVM 벤더:          Oracle Corporation
20-Apr-2021 09:07:51.543 INFO [main] org.apache.catalina.startup.VersionLoggerListener.log CATALINA_BASE:     D:\DownLoads\apache-tomcat-8.5.65-windows-x64\apache-tomcat-8.5.65
20-Apr-2021 09:07:51.544 INFO [main] org.apache.catalina.startup.VersionLoggerListener.log CATALINA_HOME:     D:\DownLoads\apache-tomcat-8.5.65-windows-x64\apache-tomcat-8.5.65
20-Apr-2021 09:07:51.544 INFO [main] org.apache.catalina.startup.VersionLoggerListener.log 명령 행 아규먼트:  --add-opens=java.base/java.lang=ALL-UNNAMED
20-Apr-2021 09:07:51.544 INFO [main] org.apache.catalina.startup.VersionLoggerListener.log 명령 행 아규먼트:  --add-opens=java.base/java.io=ALL-UNNAMED
20-Apr-2021 09:07:51.545 INFO [main] org.apache.catalina.startup.VersionLoggerListener.log 명령 행 아규먼트:  --add-opens=java.base/java.util=ALL-UNNAMED
20-Apr-2021 09:07:51.545 INFO [main] org.apache.catalina.startup.VersionLoggerListener.log 명령 행 아규먼트:  --add-opens=java.base/java.util.concurrent=ALL-UNNAMED
20-Apr-2021 09:07:51.546 INFO [main] org.apache.catalina.startup.VersionLoggerListener.log 명령 행 아규먼트:  --add-opens=java.rmi/sun.rmi.transport=ALL-UNNAMED
20-Apr-2021 09:07:51.547 INFO [main] org.apache.catalina.startup.VersionLoggerListener.log 명령 행 아규먼트:  -Djava.util.logging.config.file=D:\DownLoads\apache-tomcat-8.5.65-windows-x64\apache-tomcat-8.5.65\conf\logging.properties
20-Apr-2021 09:07:51.547 INFO [main] org.apache.catalina.startup.VersionLoggerListener.log 명령 행 아규먼트:  -Djava.util.logging.manager=org.apache.juli.ClassLoaderLogManager
20-Apr-2021 09:07:51.548 INFO [main] org.apache.catalina.startup.VersionLoggerListener.log 명령 행 아규먼트:  -Djdk.tls.ephemeralDHKeySize=2048
20-Apr-2021 09:07:51.549 INFO [main] org.apache.catalina.startup.VersionLoggerListener.log 명령 행 아규먼트:  -Djava.protocol.handler.pkgs=org.apache.catalina.webresources
20-Apr-2021 09:07:51.549 INFO [main] org.apache.catalina.startup.VersionLoggerListener.log 명령 행 아규먼트:  -Dignore.endorsed.dirs=
20-Apr-2021 09:07:51.550 INFO [main] org.apache.catalina.startup.VersionLoggerListener.log 명령 행 아규먼트:  -Dcatalina.base=D:\DownLoads\apache-tomcat-8.5.65-windows-x64\apache-tomcat-8.5.65
20-Apr-2021 09:07:51.550 INFO [main] org.apache.catalina.startup.VersionLoggerListener.log 명령 행 아규먼트:  -Dcatalina.home=D:\DownLoads\apache-tomcat-8.5.65-windows-x64\apache-tomcat-8.5.65
20-Apr-2021 09:07:51.551 INFO [main] org.apache.catalina.startup.VersionLoggerListener.log 명령 행 아규먼트:  -Djava.io.tmpdir=D:\DownLoads\apache-tomcat-8.5.65-windows-x64\apache-tomcat-8.5.65\temp
20-Apr-2021 09:07:51.552 INFO [main] org.apache.catalina.core.AprLifecycleListener.lifecycleEvent APR 버전 [1.7.0]을(를) 사용한, APR 기반 Apache Tomcat Native 라이브러리 [1.2.27]을(를) 로드했습니다.
20-Apr-2021 09:07:51.553 INFO [main] org.apache.catalina.core.AprLifecycleListener.lifecycleEvent APR 용량정보들: IPv6 [true], sendfile [true], accept filters [false], random [true].
20-Apr-2021 09:07:51.554 INFO [main] org.apache.catalina.core.AprLifecycleListener.lifecycleEvent APR/OpenSSL 설정: useAprConnector [false], useOpenSSL [true]
20-Apr-2021 09:07:51.557 INFO [main] org.apache.catalina.core.AprLifecycleListener.initializeSSL OpenSSL이 성공적으로 초기화되었습니다: [OpenSSL 1.1.1k  25 Mar 2021]
20-Apr-2021 09:07:51.585 INFO [main] org.apache.coyote.AbstractProtocol.init 프로토콜 핸들러 ["http-nio-9090"]을(를) 초기화합니다.
20-Apr-2021 09:07:51.674 INFO [main] org.apache.tomcat.util.net.NioSelectorPool.getSharedSelector Using a shared selector for servlet write/read
20-Apr-2021 09:07:51.682 INFO [main] org.apache.catalina.startup.Catalina.load Initialization processed in 449 ms
20-Apr-2021 09:07:51.717 INFO [main] org.apache.catalina.core.StandardService.startInternal 서비스 [Catalina]을(를) 시작합니다.
20-Apr-2021 09:07:51.718 INFO [main] org.apache.catalina.core.StandardEngine.startInternal 서버 엔진을 시작합니다: [Apache Tomcat/8.5.65]
20-Apr-2021 09:07:51.725 INFO [localhost-startStop-1] org.apache.catalina.startup.HostConfig.deployDirectory 웹 애플리케이션 디렉토리 [D:\DownLoads\apache-tomcat-8.5.65-windows-x64\apache-tomcat-8.5.65\webapps\docs]을(를) 배치합니다.
20-Apr-2021 09:07:51.944 INFO [localhost-startStop-1] org.apache.catalina.startup.HostConfig.deployDirectory 웹 애플리케이션 디렉토리 [D:\DownLoads\apache-tomcat-8.5.65-windows-x64\apache-tomcat-8.5.65\webapps\docs]에 대한 배치가 [218] 밀리초에 완료되었습니다.
20-Apr-2021 09:07:51.945 INFO [localhost-startStop-1] org.apache.catalina.startup.HostConfig.deployDirectory 웹 애플리케이션 디렉토리 [D:\DownLoads\apache-tomcat-8.5.65-windows-x64\apache-tomcat-8.5.65\webapps\examples]을(를) 배치합니다.
20-Apr-2021 09:07:52.269 INFO [localhost-startStop-1] org.apache.catalina.startup.HostConfig.deployDirectory 웹 애플리케이션 디렉토리 [D:\DownLoads\apache-tomcat-8.5.65-windows-x64\apache-tomcat-8.5.65\webapps\examples]에 대한 배치가 [324] 밀리초에 완료되었습니다.
20-Apr-2021 09:07:52.270 INFO [localhost-startStop-1] org.apache.catalina.startup.HostConfig.deployDirectory 웹 애플리케이션 디렉토리 [D:\DownLoads\apache-tomcat-8.5.65-windows-x64\apache-tomcat-8.5.65\webapps\host-manager]을(를) 배치합니다.
20-Apr-2021 09:07:52.290 INFO [localhost-startStop-1] org.apache.catalina.startup.HostConfig.deployDirectory 웹 애플리케이션 디렉토리 [D:\DownLoads\apache-tomcat-8.5.65-windows-x64\apache-tomcat-8.5.65\webapps\host-manager]에 대한 배치가 [20] 밀리초에 완료되었습니다.
20-Apr-2021 09:07:52.292 INFO [localhost-startStop-1] org.apache.catalina.startup.HostConfig.deployDirectory 웹 애플리케이션 디렉토리 [D:\DownLoads\apache-tomcat-8.5.65-windows-x64\apache-tomcat-8.5.65\webapps\manager]을(를) 배치합니다.
20-Apr-2021 09:07:52.307 INFO [localhost-startStop-1] org.apache.catalina.startup.HostConfig.deployDirectory 웹 애플리케이션 디렉토리 [D:\DownLoads\apache-tomcat-8.5.65-windows-x64\apache-tomcat-8.5.65\webapps\manager]에 대한 배치가 [16] 밀리초에 완료되었습니다.
20-Apr-2021 09:07:52.308 INFO [localhost-startStop-1] org.apache.catalina.startup.HostConfig.deployDirectory 웹 애플리케이션 디렉토리 [D:\DownLoads\apache-tomcat-8.5.65-windows-x64\apache-tomcat-8.5.65\webapps\ROOT]을(를) 배치합니다.
20-Apr-2021 09:07:52.321 INFO [localhost-startStop-1] org.apache.catalina.startup.HostConfig.deployDirectory 웹 애플리케이션 디렉토리 [D:\DownLoads\apache-tomcat-8.5.65-windows-x64\apache-tomcat-8.5.65\webapps\ROOT]에 대한 배치가 [13] 밀리초에 완료되었습니다.
20-Apr-2021 09:07:52.325 INFO [main] org.apache.coyote.AbstractProtocol.start 프로토콜 핸들러 ["http-nio-9090"]을(를) 시작합니다.
20-Apr-2021 09:07:52.333 INFO [main] org.apache.catalina.startup.Catalina.start Server startup in 650 ms
20-Apr-2021 09:25:05.704 INFO [main] org.apache.catalina.core.StandardServer.await 셧다운 포트를 통해 유효한 셧다운 명령을 받았습니다. 서버 인스턴스를 중지시킵니다.
20-Apr-2021 09:25:05.706 INFO [main] org.apache.coyote.AbstractProtocol.pause 프로토콜 핸들러 ["http-nio-9090"]을(를) 일시 정지 중
20-Apr-2021 09:25:05.769 INFO [main] org.apache.catalina.core.StandardService.stopInternal 서비스 [Catalina]을(를) 중지시킵니다.
20-Apr-2021 09:25:05.791 INFO [main] org.apache.coyote.AbstractProtocol.stop 프로토콜 핸들러 ["http-nio-9090"]을(를) 중지시킵니다.
20-Apr-2021 09:25:05.794 INFO [main] org.apache.coyote.AbstractProtocol.destroy 프로토콜 핸들러 ["http-nio-9090"]을(를) 소멸시킵니다.
20-Apr-2021 09:49:03.935 INFO [main] org.apache.catalina.startup.VersionLoggerListener.log 서버 버전 이름:    Apache Tomcat/8.5.65
20-Apr-2021 09:49:03.938 INFO [main] org.apache.catalina.startup.VersionLoggerListener.log Server 빌드 시각:  Mar 30 2021 12:28:40 UTC
20-Apr-2021 09:49:03.938 INFO [main] org.apache.catalina.startup.VersionLoggerListener.log Server 버전 번호:  8.5.65.0
20-Apr-2021 09:49:03.938 INFO [main] org.apache.catalina.startup.VersionLoggerListener.log 운영체제 이름:     Windows 10
20-Apr-2021 09:49:03.938 INFO [main] org.apache.catalina.startup.VersionLoggerListener.log 운영체제 버전:     10.0
20-Apr-2021 09:49:03.938 INFO [main] org.apache.catalina.startup.VersionLoggerListener.log 아키텍처:          amd64
20-Apr-2021 09:49:03.938 INFO [main] org.apache.catalina.startup.VersionLoggerListener.log 자바 홈:           C:\Program Files\jdk-11.0.2
20-Apr-2021 09:49:03.939 INFO [main] org.apache.catalina.startup.VersionLoggerListener.log JVM 버전:          11.0.2+9
20-Apr-2021 09:49:03.939 INFO [main] org.apache.catalina.startup.VersionLoggerListener.log JVM 벤더:          Oracle Corporation
20-Apr-2021 09:49:03.939 INFO [main] org.apache.catalina.startup.VersionLoggerListener.log CATALINA_BASE:     D:\DownLoads\apache-tomcat-8.5.65-windows-x64\apache-tomcat-8.5.65
20-Apr-2021 09:49:03.939 INFO [main] org.apache.catalina.startup.VersionLoggerListener.log CATALINA_HOME:     D:\DownLoads\apache-tomcat-8.5.65-windows-x64\apache-tomcat-8.5.65
20-Apr-2021 09:49:03.939 INFO [main] org.apache.catalina.startup.VersionLoggerListener.log 명령 행 아규먼트:  --add-opens=java.base/java.lang=ALL-UNNAMED
20-Apr-2021 09:49:03.940 INFO [main] org.apache.catalina.startup.VersionLoggerListener.log 명령 행 아규먼트:  --add-opens=java.base/java.io=ALL-UNNAMED
20-Apr-2021 09:49:03.940 INFO [main] org.apache.catalina.startup.VersionLoggerListener.log 명령 행 아규먼트:  --add-opens=java.base/java.util=ALL-UNNAMED
20-Apr-2021 09:49:03.941 INFO [main] org.apache.catalina.startup.VersionLoggerListener.log 명령 행 아규먼트:  --add-opens=java.base/java.util.concurrent=ALL-UNNAMED
20-Apr-2021 09:49:03.942 INFO [main] org.apache.catalina.startup.VersionLoggerListener.log 명령 행 아규먼트:  --add-opens=java.rmi/sun.rmi.transport=ALL-UNNAMED
20-Apr-2021 09:49:03.942 INFO [main] org.apache.catalina.startup.VersionLoggerListener.log 명령 행 아규먼트:  -Djava.util.logging.config.file=D:\DownLoads\apache-tomcat-8.5.65-windows-x64\apache-tomcat-8.5.65\conf\logging.properties
20-Apr-2021 09:49:03.943 INFO [main] org.apache.catalina.startup.VersionLoggerListener.log 명령 행 아규먼트:  -Djava.util.logging.manager=org.apache.juli.ClassLoaderLogManager
20-Apr-2021 09:49:03.943 INFO [main] org.apache.catalina.startup.VersionLoggerListener.log 명령 행 아규먼트:  -Djdk.tls.ephemeralDHKeySize=2048
20-Apr-2021 09:49:03.944 INFO [main] org.apache.catalina.startup.VersionLoggerListener.log 명령 행 아규먼트:  -Djava.protocol.handler.pkgs=org.apache.catalina.webresources
20-Apr-2021 09:49:03.944 INFO [main] org.apache.catalina.startup.VersionLoggerListener.log 명령 행 아규먼트:  -Dignore.endorsed.dirs=
20-Apr-2021 09:49:03.945 INFO [main] org.apache.catalina.startup.VersionLoggerListener.log 명령 행 아규먼트:  -Dcatalina.base=D:\DownLoads\apache-tomcat-8.5.65-windows-x64\apache-tomcat-8.5.65
20-Apr-2021 09:49:03.945 INFO [main] org.apache.catalina.startup.VersionLoggerListener.log 명령 행 아규먼트:  -Dcatalina.home=D:\DownLoads\apache-tomcat-8.5.65-windows-x64\apache-tomcat-8.5.65
20-Apr-2021 09:49:03.947 INFO [main] org.apache.catalina.startup.VersionLoggerListener.log 명령 행 아규먼트:  -Djava.io.tmpdir=D:\DownLoads\apache-tomcat-8.5.65-windows-x64\apache-tomcat-8.5.65\temp
20-Apr-2021 09:49:03.947 INFO [main] org.apache.catalina.core.AprLifecycleListener.lifecycleEvent APR 버전 [1.7.0]을(를) 사용한, APR 기반 Apache Tomcat Native 라이브러리 [1.2.27]을(를) 로드했습니다.
20-Apr-2021 09:49:03.948 INFO [main] org.apache.catalina.core.AprLifecycleListener.lifecycleEvent APR 용량정보들: IPv6 [true], sendfile [true], accept filters [false], random [true].
20-Apr-2021 09:49:03.949 INFO [main] org.apache.catalina.core.AprLifecycleListener.lifecycleEvent APR/OpenSSL 설정: useAprConnector [false], useOpenSSL [true]
20-Apr-2021 09:49:03.952 INFO [main] org.apache.catalina.core.AprLifecycleListener.initializeSSL OpenSSL이 성공적으로 초기화되었습니다: [OpenSSL 1.1.1k  25 Mar 2021]
20-Apr-2021 09:49:03.979 INFO [main] org.apache.coyote.AbstractProtocol.init 프로토콜 핸들러 ["http-nio-9090"]을(를) 초기화합니다.
20-Apr-2021 09:49:04.068 INFO [main] org.apache.tomcat.util.net.NioSelectorPool.getSharedSelector Using a shared selector for servlet write/read
20-Apr-2021 09:49:04.075 INFO [main] org.apache.catalina.startup.Catalina.load Initialization processed in 450 ms
20-Apr-2021 09:49:04.106 INFO [main] org.apache.catalina.core.StandardService.startInternal 서비스 [Catalina]을(를) 시작합니다.
20-Apr-2021 09:49:04.108 INFO [main] org.apache.catalina.core.StandardEngine.startInternal 서버 엔진을 시작합니다: [Apache Tomcat/8.5.65]
20-Apr-2021 09:49:04.115 INFO [localhost-startStop-1] org.apache.catalina.startup.HostConfig.deployDirectory 웹 애플리케이션 디렉토리 [D:\DownLoads\apache-tomcat-8.5.65-windows-x64\apache-tomcat-8.5.65\webapps\docs]을(를) 배치합니다.
20-Apr-2021 09:49:04.331 INFO [localhost-startStop-1] org.apache.catalina.startup.HostConfig.deployDirectory 웹 애플리케이션 디렉토리 [D:\DownLoads\apache-tomcat-8.5.65-windows-x64\apache-tomcat-8.5.65\webapps\docs]에 대한 배치가 [214] 밀리초에 완료되었습니다.
20-Apr-2021 09:49:04.332 INFO [localhost-startStop-1] org.apache.catalina.startup.HostConfig.deployDirectory 웹 애플리케이션 디렉토리 [D:\DownLoads\apache-tomcat-8.5.65-windows-x64\apache-tomcat-8.5.65\webapps\examples]을(를) 배치합니다.
20-Apr-2021 09:49:04.655 INFO [localhost-startStop-1] org.apache.catalina.startup.HostConfig.deployDirectory 웹 애플리케이션 디렉토리 [D:\DownLoads\apache-tomcat-8.5.65-windows-x64\apache-tomcat-8.5.65\webapps\examples]에 대한 배치가 [323] 밀리초에 완료되었습니다.
20-Apr-2021 09:49:04.656 INFO [localhost-startStop-1] org.apache.catalina.startup.HostConfig.deployDirectory 웹 애플리케이션 디렉토리 [D:\DownLoads\apache-tomcat-8.5.65-windows-x64\apache-tomcat-8.5.65\webapps\host-manager]을(를) 배치합니다.
20-Apr-2021 09:49:04.675 INFO [localhost-startStop-1] org.apache.catalina.startup.HostConfig.deployDirectory 웹 애플리케이션 디렉토리 [D:\DownLoads\apache-tomcat-8.5.65-windows-x64\apache-tomcat-8.5.65\webapps\host-manager]에 대한 배치가 [19] 밀리초에 완료되었습니다.
20-Apr-2021 09:49:04.676 INFO [localhost-startStop-1] org.apache.catalina.startup.HostConfig.deployDirectory 웹 애플리케이션 디렉토리 [D:\DownLoads\apache-tomcat-8.5.65-windows-x64\apache-tomcat-8.5.65\webapps\manager]을(를) 배치합니다.
20-Apr-2021 09:49:04.692 INFO [localhost-startStop-1] org.apache.catalina.startup.HostConfig.deployDirectory 웹 애플리케이션 디렉토리 [D:\DownLoads\apache-tomcat-8.5.65-windows-x64\apache-tomcat-8.5.65\webapps\manager]에 대한 배치가 [16] 밀리초에 완료되었습니다.
20-Apr-2021 09:49:04.694 INFO [localhost-startStop-1] org.apache.catalina.startup.HostConfig.deployDirectory 웹 애플리케이션 디렉토리 [D:\DownLoads\apache-tomcat-8.5.65-windows-x64\apache-tomcat-8.5.65\webapps\ROOT]을(를) 배치합니다.
20-Apr-2021 09:49:04.706 INFO [localhost-startStop-1] org.apache.catalina.startup.HostConfig.deployDirectory 웹 애플리케이션 디렉토리 [D:\DownLoads\apache-tomcat-8.5.65-windows-x64\apache-tomcat-8.5.65\webapps\ROOT]에 대한 배치가 [12] 밀리초에 완료되었습니다.
20-Apr-2021 09:49:04.709 INFO [main] org.apache.coyote.AbstractProtocol.start 프로토콜 핸들러 ["http-nio-9090"]을(를) 시작합니다.
20-Apr-2021 09:49:04.718 INFO [main] org.apache.catalina.startup.Catalina.start Server startup in 641 ms
20-Apr-2021 09:49:10.768 INFO [main] org.apache.catalina.core.StandardServer.await 셧다운 포트를 통해 유효한 셧다운 명령을 받았습니다. 서버 인스턴스를 중지시킵니다.
20-Apr-2021 09:49:10.770 INFO [main] org.apache.coyote.AbstractProtocol.pause 프로토콜 핸들러 ["http-nio-9090"]을(를) 일시 정지 중
20-Apr-2021 09:49:10.831 INFO [main] org.apache.catalina.core.StandardService.stopInternal 서비스 [Catalina]을(를) 중지시킵니다.
20-Apr-2021 09:49:10.848 INFO [main] org.apache.coyote.AbstractProtocol.stop 프로토콜 핸들러 ["http-nio-9090"]을(를) 중지시킵니다.
20-Apr-2021 09:49:10.851 INFO [main] org.apache.coyote.AbstractProtocol.destroy 프로토콜 핸들러 ["http-nio-9090"]을(를) 소멸시킵니다.
