NOTE: Picked up JDK_JAVA_OPTIONS:  --add-opens=java.base/java.lang=ALL-UNNAMED --add-opens=java.base/java.io=ALL-UNNAMED --add-opens=java.base/java.util=ALL-UNNAMED --add-opens=java.base/java.util.concurrent=ALL-UNNAMED --add-opens=java.rmi/sun.rmi.transport=ALL-UNNAMED
19-Apr-2021 14:20:59.859 정보 [main] org.apache.catalina.startup.VersionLoggerListener.log 서버 버전 이름:    Apache Tomcat/8.5.65
19-Apr-2021 14:20:59.867 정보 [main] org.apache.catalina.startup.VersionLoggerListener.log Server 빌드 시각:  Mar 30 2021 12:28:40 UTC
19-Apr-2021 14:20:59.868 정보 [main] org.apache.catalina.startup.VersionLoggerListener.log Server 버전 번호:  8.5.65.0
19-Apr-2021 14:20:59.868 정보 [main] org.apache.catalina.startup.VersionLoggerListener.log 운영체제 이름:     Mac OS X
19-Apr-2021 14:20:59.868 정보 [main] org.apache.catalina.startup.VersionLoggerListener.log 운영체제 버전:     10.16
19-Apr-2021 14:20:59.869 정보 [main] org.apache.catalina.startup.VersionLoggerListener.log 아키텍처:          x86_64
19-Apr-2021 14:20:59.869 정보 [main] org.apache.catalina.startup.VersionLoggerListener.log 자바 홈:           /Library/Java/JavaVirtualMachines/adoptopenjdk-11-openj9.jdk/Contents/Home
19-Apr-2021 14:20:59.869 정보 [main] org.apache.catalina.startup.VersionLoggerListener.log JVM 버전:          11.0.10+9
19-Apr-2021 14:20:59.869 정보 [main] org.apache.catalina.startup.VersionLoggerListener.log JVM 벤더:          Eclipse OpenJ9
19-Apr-2021 14:20:59.870 정보 [main] org.apache.catalina.startup.VersionLoggerListener.log CATALINA_BASE:     /Users/sanghyeonkim/Downloads/apache-tomcat-8.5.65
19-Apr-2021 14:20:59.870 정보 [main] org.apache.catalina.startup.VersionLoggerListener.log CATALINA_HOME:     /Users/sanghyeonkim/Downloads/apache-tomcat-8.5.65
19-Apr-2021 14:20:59.873 정보 [main] org.apache.catalina.startup.VersionLoggerListener.log 명령 행 아규먼트:  -Xoptionsfile=/Library/Java/JavaVirtualMachines/adoptopenjdk-11-openj9.jdk/Contents/Home/lib/options.default
19-Apr-2021 14:20:59.873 정보 [main] org.apache.catalina.startup.VersionLoggerListener.log 명령 행 아규먼트:  -Xlockword:mode=default,noLockword=java/lang/String,noLockword=java/util/MapEntry,noLockword=java/util/HashMap$Entry,noLockword=org/apache/harmony/luni/util/ModifiedMap$Entry,noLockword=java/util/Hashtable$Entry,noLockword=java/lang/invoke/MethodType,noLockword=java/lang/invoke/MethodHandle,noLockword=java/lang/invoke/CollectHandle,noLockword=java/lang/invoke/ConstructorHandle,noLockword=java/lang/invoke/ConvertHandle,noLockword=java/lang/invoke/ArgumentConversionHandle,noLockword=java/lang/invoke/AsTypeHandle,noLockword=java/lang/invoke/ExplicitCastHandle,noLockword=java/lang/invoke/FilterReturnHandle,noLockword=java/lang/invoke/DirectHandle,noLockword=java/lang/invoke/ReceiverBoundHandle,noLockword=java/lang/invoke/DynamicInvokerHandle,noLockword=java/lang/invoke/FieldHandle,noLockword=java/lang/invoke/FieldGetterHandle,noLockword=java/lang/invoke/FieldSetterHandle,noLockword=java/lang/invoke/StaticFieldGetterHandle,noLockword=java/lang/invoke/StaticFieldSetterHandle,noLockword=java/lang/invoke/IndirectHandle,noLockword=java/lang/invoke/InterfaceHandle,noLockword=java/lang/invoke/VirtualHandle,noLockword=java/lang/invoke/PrimitiveHandle,noLockword=java/lang/invoke/InvokeExactHandle,noLockword=java/lang/invoke/InvokeGenericHandle,noLockword=java/lang/invoke/VarargsCollectorHandle,noLockword=java/lang/invoke/ThunkTuple
19-Apr-2021 14:20:59.874 정보 [main] org.apache.catalina.startup.VersionLoggerListener.log 명령 행 아규먼트:  -Xjcl:jclse29
19-Apr-2021 14:20:59.874 정보 [main] org.apache.catalina.startup.VersionLoggerListener.log 명령 행 아규먼트:  -Dcom.ibm.oti.vm.bootstrap.library.path=/Library/Java/JavaVirtualMachines/adoptopenjdk-11-openj9.jdk/Contents/Home/lib/default:/Library/Java/JavaVirtualMachines/adoptopenjdk-11-openj9.jdk/Contents/Home/lib
19-Apr-2021 14:20:59.874 정보 [main] org.apache.catalina.startup.VersionLoggerListener.log 명령 행 아규먼트:  -Dsun.boot.library.path=/Library/Java/JavaVirtualMachines/adoptopenjdk-11-openj9.jdk/Contents/Home/lib/default:/Library/Java/JavaVirtualMachines/adoptopenjdk-11-openj9.jdk/Contents/Home/lib
19-Apr-2021 14:20:59.875 정보 [main] org.apache.catalina.startup.VersionLoggerListener.log 명령 행 아규먼트:  -Djava.library.path=/Library/Java/JavaVirtualMachines/adoptopenjdk-11-openj9.jdk/Contents/Home/lib/default:/Library/Java/JavaVirtualMachines/adoptopenjdk-11-openj9.jdk/Contents/Home/lib:/usr/lib
19-Apr-2021 14:20:59.875 정보 [main] org.apache.catalina.startup.VersionLoggerListener.log 명령 행 아규먼트:  -Djava.home=/Library/Java/JavaVirtualMachines/adoptopenjdk-11-openj9.jdk/Contents/Home
19-Apr-2021 14:20:59.875 정보 [main] org.apache.catalina.startup.VersionLoggerListener.log 명령 행 아규먼트:  -Duser.dir=/Users/sanghyeonkim/Downloads/apache-tomcat-8.5.65/bin
19-Apr-2021 14:20:59.875 정보 [main] org.apache.catalina.startup.VersionLoggerListener.log 명령 행 아규먼트:  --add-opens=java.base/java.lang=ALL-UNNAMED
19-Apr-2021 14:20:59.875 정보 [main] org.apache.catalina.startup.VersionLoggerListener.log 명령 행 아규먼트:  --add-opens=java.base/java.io=ALL-UNNAMED
19-Apr-2021 14:20:59.876 정보 [main] org.apache.catalina.startup.VersionLoggerListener.log 명령 행 아규먼트:  --add-opens=java.base/java.util=ALL-UNNAMED
19-Apr-2021 14:20:59.876 정보 [main] org.apache.catalina.startup.VersionLoggerListener.log 명령 행 아규먼트:  --add-opens=java.base/java.util.concurrent=ALL-UNNAMED
19-Apr-2021 14:20:59.876 정보 [main] org.apache.catalina.startup.VersionLoggerListener.log 명령 행 아규먼트:  --add-opens=java.rmi/sun.rmi.transport=ALL-UNNAMED
19-Apr-2021 14:20:59.876 정보 [main] org.apache.catalina.startup.VersionLoggerListener.log 명령 행 아규먼트:  -Djava.util.logging.config.file=/Users/sanghyeonkim/Downloads/apache-tomcat-8.5.65/conf/logging.properties
19-Apr-2021 14:20:59.877 정보 [main] org.apache.catalina.startup.VersionLoggerListener.log 명령 행 아규먼트:  -Djava.util.logging.manager=org.apache.juli.ClassLoaderLogManager
19-Apr-2021 14:20:59.877 정보 [main] org.apache.catalina.startup.VersionLoggerListener.log 명령 행 아규먼트:  -Djdk.tls.ephemeralDHKeySize=2048
19-Apr-2021 14:20:59.877 정보 [main] org.apache.catalina.startup.VersionLoggerListener.log 명령 행 아규먼트:  -Djava.protocol.handler.pkgs=org.apache.catalina.webresources
19-Apr-2021 14:20:59.877 정보 [main] org.apache.catalina.startup.VersionLoggerListener.log 명령 행 아규먼트:  -Dorg.apache.catalina.security.SecurityListener.UMASK=0027
19-Apr-2021 14:20:59.877 정보 [main] org.apache.catalina.startup.VersionLoggerListener.log 명령 행 아규먼트:  -Dignore.endorsed.dirs=
19-Apr-2021 14:20:59.877 정보 [main] org.apache.catalina.startup.VersionLoggerListener.log 명령 행 아규먼트:  -Djava.class.path=/Users/sanghyeonkim/Downloads/apache-tomcat-8.5.65/bin/bootstrap.jar:/Users/sanghyeonkim/Downloads/apache-tomcat-8.5.65/bin/tomcat-juli.jar
19-Apr-2021 14:20:59.878 정보 [main] org.apache.catalina.startup.VersionLoggerListener.log 명령 행 아규먼트:  -Dcatalina.base=/Users/sanghyeonkim/Downloads/apache-tomcat-8.5.65
19-Apr-2021 14:20:59.878 정보 [main] org.apache.catalina.startup.VersionLoggerListener.log 명령 행 아규먼트:  -Dcatalina.home=/Users/sanghyeonkim/Downloads/apache-tomcat-8.5.65
19-Apr-2021 14:20:59.878 정보 [main] org.apache.catalina.startup.VersionLoggerListener.log 명령 행 아규먼트:  -Djava.io.tmpdir=/Users/sanghyeonkim/Downloads/apache-tomcat-8.5.65/temp
19-Apr-2021 14:20:59.878 정보 [main] org.apache.catalina.startup.VersionLoggerListener.log 명령 행 아규먼트:  -Dsun.java.command=org.apache.catalina.startup.Bootstrap start
19-Apr-2021 14:20:59.879 정보 [main] org.apache.catalina.startup.VersionLoggerListener.log 명령 행 아규먼트:  -Dsun.java.launcher=SUN_STANDARD
19-Apr-2021 14:20:59.879 정보 [main] org.apache.catalina.core.AprLifecycleListener.lifecycleEvent 프로덕션 환경들에서 최적의 성능을 제공하는, APR 기반 Apache Tomcat Native 라이브러리가, 다음 java.library.path에서 발견되지 않습니다: [/Library/Java/JavaVirtualMachines/adoptopenjdk-11-openj9.jdk/Contents/Home/lib/default:/Library/Java/JavaVirtualMachines/adoptopenjdk-11-openj9.jdk/Contents/Home/lib:/usr/lib]
19-Apr-2021 14:20:59.954 정보 [main] org.apache.coyote.AbstractProtocol.init 프로토콜 핸들러 ["http-nio-8080"]을(를) 초기화합니다.
19-Apr-2021 14:21:00.022 정보 [main] org.apache.tomcat.util.net.NioSelectorPool.getSharedSelector Using a shared selector for servlet write/read
19-Apr-2021 14:21:00.070 정보 [main] org.apache.catalina.startup.Catalina.load Initialization processed in 1480 ms
19-Apr-2021 14:21:00.124 정보 [main] org.apache.catalina.core.StandardService.startInternal 서비스 [Catalina]을(를) 시작합니다.
19-Apr-2021 14:21:00.124 정보 [main] org.apache.catalina.core.StandardEngine.startInternal 서버 엔진을 시작합니다: [Apache Tomcat/8.5.65]
19-Apr-2021 14:21:00.143 정보 [localhost-startStop-1] org.apache.catalina.startup.HostConfig.deployDirectory 웹 애플리케이션 디렉토리 [/Users/sanghyeonkim/Downloads/apache-tomcat-8.5.65/webapps/docs]을(를) 배치합니다.
19-Apr-2021 14:21:00.773 정보 [localhost-startStop-1] org.apache.catalina.startup.HostConfig.deployDirectory 웹 애플리케이션 디렉토리 [/Users/sanghyeonkim/Downloads/apache-tomcat-8.5.65/webapps/docs]에 대한 배치가 [627] 밀리초에 완료되었습니다.
19-Apr-2021 14:21:00.773 정보 [localhost-startStop-1] org.apache.catalina.startup.HostConfig.deployDirectory 웹 애플리케이션 디렉토리 [/Users/sanghyeonkim/Downloads/apache-tomcat-8.5.65/webapps/manager]을(를) 배치합니다.
19-Apr-2021 14:21:00.855 정보 [localhost-startStop-1] org.apache.catalina.startup.HostConfig.deployDirectory 웹 애플리케이션 디렉토리 [/Users/sanghyeonkim/Downloads/apache-tomcat-8.5.65/webapps/manager]에 대한 배치가 [82] 밀리초에 완료되었습니다.
19-Apr-2021 14:21:00.855 정보 [localhost-startStop-1] org.apache.catalina.startup.HostConfig.deployDirectory 웹 애플리케이션 디렉토리 [/Users/sanghyeonkim/Downloads/apache-tomcat-8.5.65/webapps/examples]을(를) 배치합니다.
19-Apr-2021 14:21:01.408 정보 [localhost-startStop-1] org.apache.catalina.startup.HostConfig.deployDirectory 웹 애플리케이션 디렉토리 [/Users/sanghyeonkim/Downloads/apache-tomcat-8.5.65/webapps/examples]에 대한 배치가 [553] 밀리초에 완료되었습니다.
19-Apr-2021 14:21:01.408 정보 [localhost-startStop-1] org.apache.catalina.startup.HostConfig.deployDirectory 웹 애플리케이션 디렉토리 [/Users/sanghyeonkim/Downloads/apache-tomcat-8.5.65/webapps/ROOT]을(를) 배치합니다.
19-Apr-2021 14:21:01.446 정보 [localhost-startStop-1] org.apache.catalina.startup.HostConfig.deployDirectory 웹 애플리케이션 디렉토리 [/Users/sanghyeonkim/Downloads/apache-tomcat-8.5.65/webapps/ROOT]에 대한 배치가 [38] 밀리초에 완료되었습니다.
19-Apr-2021 14:21:01.446 정보 [localhost-startStop-1] org.apache.catalina.startup.HostConfig.deployDirectory 웹 애플리케이션 디렉토리 [/Users/sanghyeonkim/Downloads/apache-tomcat-8.5.65/webapps/host-manager]을(를) 배치합니다.
19-Apr-2021 14:21:01.501 정보 [localhost-startStop-1] org.apache.catalina.startup.HostConfig.deployDirectory 웹 애플리케이션 디렉토리 [/Users/sanghyeonkim/Downloads/apache-tomcat-8.5.65/webapps/host-manager]에 대한 배치가 [55] 밀리초에 완료되었습니다.
19-Apr-2021 14:21:01.506 정보 [main] org.apache.coyote.AbstractProtocol.start 프로토콜 핸들러 ["http-nio-8080"]을(를) 시작합니다.
19-Apr-2021 14:21:01.517 정보 [main] org.apache.catalina.startup.Catalina.start Server startup in 1447 ms
19-Apr-2021 14:21:31.724 정보 [main] org.apache.catalina.core.StandardServer.await 셧다운 포트를 통해 유효한 셧다운 명령을 받았습니다. 서버 인스턴스를 중지시킵니다.
19-Apr-2021 14:21:31.726 정보 [main] org.apache.coyote.AbstractProtocol.pause 프로토콜 핸들러 ["http-nio-8080"]을(를) 일시 정지 중
19-Apr-2021 14:21:31.743 정보 [main] org.apache.catalina.core.StandardService.stopInternal 서비스 [Catalina]을(를) 중지시킵니다.
19-Apr-2021 14:21:31.801 정보 [main] org.apache.coyote.AbstractProtocol.stop 프로토콜 핸들러 ["http-nio-8080"]을(를) 중지시킵니다.
19-Apr-2021 14:21:31.806 정보 [main] org.apache.coyote.AbstractProtocol.destroy 프로토콜 핸들러 ["http-nio-8080"]을(를) 소멸시킵니다.
NOTE: Picked up JDK_JAVA_OPTIONS:  --add-opens=java.base/java.lang=ALL-UNNAMED --add-opens=java.base/java.io=ALL-UNNAMED --add-opens=java.base/java.util=ALL-UNNAMED --add-opens=java.base/java.util.concurrent=ALL-UNNAMED --add-opens=java.rmi/sun.rmi.transport=ALL-UNNAMED
19-Apr-2021 14:33:56.635 정보 [main] org.apache.catalina.startup.VersionLoggerListener.log 서버 버전 이름:    Apache Tomcat/8.5.65
19-Apr-2021 14:33:56.639 정보 [main] org.apache.catalina.startup.VersionLoggerListener.log Server 빌드 시각:  Mar 30 2021 12:28:40 UTC
19-Apr-2021 14:33:56.640 정보 [main] org.apache.catalina.startup.VersionLoggerListener.log Server 버전 번호:  8.5.65.0
19-Apr-2021 14:33:56.640 정보 [main] org.apache.catalina.startup.VersionLoggerListener.log 운영체제 이름:     Mac OS X
19-Apr-2021 14:33:56.640 정보 [main] org.apache.catalina.startup.VersionLoggerListener.log 운영체제 버전:     10.16
19-Apr-2021 14:33:56.640 정보 [main] org.apache.catalina.startup.VersionLoggerListener.log 아키텍처:          x86_64
19-Apr-2021 14:33:56.641 정보 [main] org.apache.catalina.startup.VersionLoggerListener.log 자바 홈:           /Library/Java/JavaVirtualMachines/adoptopenjdk-11-openj9.jdk/Contents/Home
19-Apr-2021 14:33:56.641 정보 [main] org.apache.catalina.startup.VersionLoggerListener.log JVM 버전:          11.0.10+9
19-Apr-2021 14:33:56.641 정보 [main] org.apache.catalina.startup.VersionLoggerListener.log JVM 벤더:          Eclipse OpenJ9
19-Apr-2021 14:33:56.641 정보 [main] org.apache.catalina.startup.VersionLoggerListener.log CATALINA_BASE:     /Users/sanghyeonkim/Downloads/apache-tomcat-8.5.65
19-Apr-2021 14:33:56.641 정보 [main] org.apache.catalina.startup.VersionLoggerListener.log CATALINA_HOME:     /Users/sanghyeonkim/Downloads/apache-tomcat-8.5.65
19-Apr-2021 14:33:56.644 정보 [main] org.apache.catalina.startup.VersionLoggerListener.log 명령 행 아규먼트:  -Xoptionsfile=/Library/Java/JavaVirtualMachines/adoptopenjdk-11-openj9.jdk/Contents/Home/lib/options.default
19-Apr-2021 14:33:56.644 정보 [main] org.apache.catalina.startup.VersionLoggerListener.log 명령 행 아규먼트:  -Xlockword:mode=default,noLockword=java/lang/String,noLockword=java/util/MapEntry,noLockword=java/util/HashMap$Entry,noLockword=org/apache/harmony/luni/util/ModifiedMap$Entry,noLockword=java/util/Hashtable$Entry,noLockword=java/lang/invoke/MethodType,noLockword=java/lang/invoke/MethodHandle,noLockword=java/lang/invoke/CollectHandle,noLockword=java/lang/invoke/ConstructorHandle,noLockword=java/lang/invoke/ConvertHandle,noLockword=java/lang/invoke/ArgumentConversionHandle,noLockword=java/lang/invoke/AsTypeHandle,noLockword=java/lang/invoke/ExplicitCastHandle,noLockword=java/lang/invoke/FilterReturnHandle,noLockword=java/lang/invoke/DirectHandle,noLockword=java/lang/invoke/ReceiverBoundHandle,noLockword=java/lang/invoke/DynamicInvokerHandle,noLockword=java/lang/invoke/FieldHandle,noLockword=java/lang/invoke/FieldGetterHandle,noLockword=java/lang/invoke/FieldSetterHandle,noLockword=java/lang/invoke/StaticFieldGetterHandle,noLockword=java/lang/invoke/StaticFieldSetterHandle,noLockword=java/lang/invoke/IndirectHandle,noLockword=java/lang/invoke/InterfaceHandle,noLockword=java/lang/invoke/VirtualHandle,noLockword=java/lang/invoke/PrimitiveHandle,noLockword=java/lang/invoke/InvokeExactHandle,noLockword=java/lang/invoke/InvokeGenericHandle,noLockword=java/lang/invoke/VarargsCollectorHandle,noLockword=java/lang/invoke/ThunkTuple
19-Apr-2021 14:33:56.644 정보 [main] org.apache.catalina.startup.VersionLoggerListener.log 명령 행 아규먼트:  -Xjcl:jclse29
19-Apr-2021 14:33:56.645 정보 [main] org.apache.catalina.startup.VersionLoggerListener.log 명령 행 아규먼트:  -Dcom.ibm.oti.vm.bootstrap.library.path=/Library/Java/JavaVirtualMachines/adoptopenjdk-11-openj9.jdk/Contents/Home/lib/default:/Library/Java/JavaVirtualMachines/adoptopenjdk-11-openj9.jdk/Contents/Home/lib
19-Apr-2021 14:33:56.645 정보 [main] org.apache.catalina.startup.VersionLoggerListener.log 명령 행 아규먼트:  -Dsun.boot.library.path=/Library/Java/JavaVirtualMachines/adoptopenjdk-11-openj9.jdk/Contents/Home/lib/default:/Library/Java/JavaVirtualMachines/adoptopenjdk-11-openj9.jdk/Contents/Home/lib
19-Apr-2021 14:33:56.645 정보 [main] org.apache.catalina.startup.VersionLoggerListener.log 명령 행 아규먼트:  -Djava.library.path=/Library/Java/JavaVirtualMachines/adoptopenjdk-11-openj9.jdk/Contents/Home/lib/default:/Library/Java/JavaVirtualMachines/adoptopenjdk-11-openj9.jdk/Contents/Home/lib:/usr/lib
19-Apr-2021 14:33:56.645 정보 [main] org.apache.catalina.startup.VersionLoggerListener.log 명령 행 아규먼트:  -Djava.home=/Library/Java/JavaVirtualMachines/adoptopenjdk-11-openj9.jdk/Contents/Home
19-Apr-2021 14:33:56.645 정보 [main] org.apache.catalina.startup.VersionLoggerListener.log 명령 행 아규먼트:  -Duser.dir=/Users/sanghyeonkim/Downloads/apache-tomcat-8.5.65/bin
19-Apr-2021 14:33:56.645 정보 [main] org.apache.catalina.startup.VersionLoggerListener.log 명령 행 아규먼트:  --add-opens=java.base/java.lang=ALL-UNNAMED
19-Apr-2021 14:33:56.645 정보 [main] org.apache.catalina.startup.VersionLoggerListener.log 명령 행 아규먼트:  --add-opens=java.base/java.io=ALL-UNNAMED
19-Apr-2021 14:33:56.646 정보 [main] org.apache.catalina.startup.VersionLoggerListener.log 명령 행 아규먼트:  --add-opens=java.base/java.util=ALL-UNNAMED
19-Apr-2021 14:33:56.646 정보 [main] org.apache.catalina.startup.VersionLoggerListener.log 명령 행 아규먼트:  --add-opens=java.base/java.util.concurrent=ALL-UNNAMED
19-Apr-2021 14:33:56.646 정보 [main] org.apache.catalina.startup.VersionLoggerListener.log 명령 행 아규먼트:  --add-opens=java.rmi/sun.rmi.transport=ALL-UNNAMED
19-Apr-2021 14:33:56.646 정보 [main] org.apache.catalina.startup.VersionLoggerListener.log 명령 행 아규먼트:  -Djava.util.logging.config.file=/Users/sanghyeonkim/Downloads/apache-tomcat-8.5.65/conf/logging.properties
19-Apr-2021 14:33:56.646 정보 [main] org.apache.catalina.startup.VersionLoggerListener.log 명령 행 아규먼트:  -Djava.util.logging.manager=org.apache.juli.ClassLoaderLogManager
19-Apr-2021 14:33:56.646 정보 [main] org.apache.catalina.startup.VersionLoggerListener.log 명령 행 아규먼트:  -Djdk.tls.ephemeralDHKeySize=2048
19-Apr-2021 14:33:56.647 정보 [main] org.apache.catalina.startup.VersionLoggerListener.log 명령 행 아규먼트:  -Djava.protocol.handler.pkgs=org.apache.catalina.webresources
19-Apr-2021 14:33:56.648 정보 [main] org.apache.catalina.startup.VersionLoggerListener.log 명령 행 아규먼트:  -Dorg.apache.catalina.security.SecurityListener.UMASK=0027
19-Apr-2021 14:33:56.648 정보 [main] org.apache.catalina.startup.VersionLoggerListener.log 명령 행 아규먼트:  -Dignore.endorsed.dirs=
19-Apr-2021 14:33:56.648 정보 [main] org.apache.catalina.startup.VersionLoggerListener.log 명령 행 아규먼트:  -Djava.class.path=/Users/sanghyeonkim/Downloads/apache-tomcat-8.5.65/bin/bootstrap.jar:/Users/sanghyeonkim/Downloads/apache-tomcat-8.5.65/bin/tomcat-juli.jar
19-Apr-2021 14:33:56.648 정보 [main] org.apache.catalina.startup.VersionLoggerListener.log 명령 행 아규먼트:  -Dcatalina.base=/Users/sanghyeonkim/Downloads/apache-tomcat-8.5.65
19-Apr-2021 14:33:56.649 정보 [main] org.apache.catalina.startup.VersionLoggerListener.log 명령 행 아규먼트:  -Dcatalina.home=/Users/sanghyeonkim/Downloads/apache-tomcat-8.5.65
19-Apr-2021 14:33:56.649 정보 [main] org.apache.catalina.startup.VersionLoggerListener.log 명령 행 아규먼트:  -Djava.io.tmpdir=/Users/sanghyeonkim/Downloads/apache-tomcat-8.5.65/temp
19-Apr-2021 14:33:56.649 정보 [main] org.apache.catalina.startup.VersionLoggerListener.log 명령 행 아규먼트:  -Dsun.java.command=org.apache.catalina.startup.Bootstrap start
19-Apr-2021 14:33:56.649 정보 [main] org.apache.catalina.startup.VersionLoggerListener.log 명령 행 아규먼트:  -Dsun.java.launcher=SUN_STANDARD
19-Apr-2021 14:33:56.649 정보 [main] org.apache.catalina.core.AprLifecycleListener.lifecycleEvent 프로덕션 환경들에서 최적의 성능을 제공하는, APR 기반 Apache Tomcat Native 라이브러리가, 다음 java.library.path에서 발견되지 않습니다: [/Library/Java/JavaVirtualMachines/adoptopenjdk-11-openj9.jdk/Contents/Home/lib/default:/Library/Java/JavaVirtualMachines/adoptopenjdk-11-openj9.jdk/Contents/Home/lib:/usr/lib]
19-Apr-2021 14:33:56.699 정보 [main] org.apache.coyote.AbstractProtocol.init 프로토콜 핸들러 ["http-nio-8080"]을(를) 초기화합니다.
19-Apr-2021 14:33:56.741 정보 [main] org.apache.tomcat.util.net.NioSelectorPool.getSharedSelector Using a shared selector for servlet write/read
19-Apr-2021 14:33:56.755 정보 [main] org.apache.catalina.startup.Catalina.load Initialization processed in 582 ms
19-Apr-2021 14:33:56.795 정보 [main] org.apache.catalina.core.StandardService.startInternal 서비스 [Catalina]을(를) 시작합니다.
19-Apr-2021 14:33:56.795 정보 [main] org.apache.catalina.core.StandardEngine.startInternal 서버 엔진을 시작합니다: [Apache Tomcat/8.5.65]
19-Apr-2021 14:33:56.810 정보 [localhost-startStop-1] org.apache.catalina.startup.HostConfig.deployDirectory 웹 애플리케이션 디렉토리 [/Users/sanghyeonkim/Downloads/apache-tomcat-8.5.65/webapps/docs]을(를) 배치합니다.
19-Apr-2021 14:33:57.166 정보 [localhost-startStop-1] org.apache.catalina.startup.HostConfig.deployDirectory 웹 애플리케이션 디렉토리 [/Users/sanghyeonkim/Downloads/apache-tomcat-8.5.65/webapps/docs]에 대한 배치가 [354] 밀리초에 완료되었습니다.
19-Apr-2021 14:33:57.167 정보 [localhost-startStop-1] org.apache.catalina.startup.HostConfig.deployDirectory 웹 애플리케이션 디렉토리 [/Users/sanghyeonkim/Downloads/apache-tomcat-8.5.65/webapps/manager]을(를) 배치합니다.
19-Apr-2021 14:33:57.236 정보 [localhost-startStop-1] org.apache.catalina.startup.HostConfig.deployDirectory 웹 애플리케이션 디렉토리 [/Users/sanghyeonkim/Downloads/apache-tomcat-8.5.65/webapps/manager]에 대한 배치가 [69] 밀리초에 완료되었습니다.
19-Apr-2021 14:33:57.236 정보 [localhost-startStop-1] org.apache.catalina.startup.HostConfig.deployDirectory 웹 애플리케이션 디렉토리 [/Users/sanghyeonkim/Downloads/apache-tomcat-8.5.65/webapps/examples]을(를) 배치합니다.
19-Apr-2021 14:33:57.583 정보 [localhost-startStop-1] org.apache.catalina.startup.HostConfig.deployDirectory 웹 애플리케이션 디렉토리 [/Users/sanghyeonkim/Downloads/apache-tomcat-8.5.65/webapps/examples]에 대한 배치가 [347] 밀리초에 완료되었습니다.
19-Apr-2021 14:33:57.583 정보 [localhost-startStop-1] org.apache.catalina.startup.HostConfig.deployDirectory 웹 애플리케이션 디렉토리 [/Users/sanghyeonkim/Downloads/apache-tomcat-8.5.65/webapps/ROOT]을(를) 배치합니다.
19-Apr-2021 14:33:57.607 정보 [localhost-startStop-1] org.apache.catalina.startup.HostConfig.deployDirectory 웹 애플리케이션 디렉토리 [/Users/sanghyeonkim/Downloads/apache-tomcat-8.5.65/webapps/ROOT]에 대한 배치가 [24] 밀리초에 완료되었습니다.
19-Apr-2021 14:33:57.607 정보 [localhost-startStop-1] org.apache.catalina.startup.HostConfig.deployDirectory 웹 애플리케이션 디렉토리 [/Users/sanghyeonkim/Downloads/apache-tomcat-8.5.65/webapps/host-manager]을(를) 배치합니다.
19-Apr-2021 14:33:57.630 정보 [localhost-startStop-1] org.apache.catalina.startup.HostConfig.deployDirectory 웹 애플리케이션 디렉토리 [/Users/sanghyeonkim/Downloads/apache-tomcat-8.5.65/webapps/host-manager]에 대한 배치가 [23] 밀리초에 완료되었습니다.
19-Apr-2021 14:33:57.633 정보 [main] org.apache.coyote.AbstractProtocol.start 프로토콜 핸들러 ["http-nio-8080"]을(를) 시작합니다.
19-Apr-2021 14:33:57.641 정보 [main] org.apache.catalina.startup.Catalina.start Server startup in 885 ms
19-Apr-2021 14:43:30.546 정보 [main] org.apache.catalina.core.StandardServer.await 셧다운 포트를 통해 유효한 셧다운 명령을 받았습니다. 서버 인스턴스를 중지시킵니다.
19-Apr-2021 14:43:30.549 정보 [main] org.apache.coyote.AbstractProtocol.pause 프로토콜 핸들러 ["http-nio-8080"]을(를) 일시 정지 중
19-Apr-2021 14:43:30.563 정보 [main] org.apache.catalina.core.StandardService.stopInternal 서비스 [Catalina]을(를) 중지시킵니다.
19-Apr-2021 14:43:30.610 정보 [main] org.apache.coyote.AbstractProtocol.stop 프로토콜 핸들러 ["http-nio-8080"]을(를) 중지시킵니다.
19-Apr-2021 14:43:30.616 정보 [main] org.apache.coyote.AbstractProtocol.destroy 프로토콜 핸들러 ["http-nio-8080"]을(를) 소멸시킵니다.
NOTE: Picked up JDK_JAVA_OPTIONS:  --add-opens=java.base/java.lang=ALL-UNNAMED --add-opens=java.base/java.io=ALL-UNNAMED --add-opens=java.base/java.util=ALL-UNNAMED --add-opens=java.base/java.util.concurrent=ALL-UNNAMED --add-opens=java.rmi/sun.rmi.transport=ALL-UNNAMED
19-Apr-2021 14:47:11.270 정보 [main] org.apache.catalina.startup.VersionLoggerListener.log 서버 버전 이름:    Apache Tomcat/8.5.65
19-Apr-2021 14:47:11.273 정보 [main] org.apache.catalina.startup.VersionLoggerListener.log Server 빌드 시각:  Mar 30 2021 12:28:40 UTC
19-Apr-2021 14:47:11.273 정보 [main] org.apache.catalina.startup.VersionLoggerListener.log Server 버전 번호:  8.5.65.0
19-Apr-2021 14:47:11.273 정보 [main] org.apache.catalina.startup.VersionLoggerListener.log 운영체제 이름:     Mac OS X
19-Apr-2021 14:47:11.273 정보 [main] org.apache.catalina.startup.VersionLoggerListener.log 운영체제 버전:     10.16
19-Apr-2021 14:47:11.273 정보 [main] org.apache.catalina.startup.VersionLoggerListener.log 아키텍처:          x86_64
19-Apr-2021 14:47:11.274 정보 [main] org.apache.catalina.startup.VersionLoggerListener.log 자바 홈:           /Library/Java/JavaVirtualMachines/adoptopenjdk-11-openj9.jdk/Contents/Home
19-Apr-2021 14:47:11.274 정보 [main] org.apache.catalina.startup.VersionLoggerListener.log JVM 버전:          11.0.10+9
19-Apr-2021 14:47:11.274 정보 [main] org.apache.catalina.startup.VersionLoggerListener.log JVM 벤더:          Eclipse OpenJ9
19-Apr-2021 14:47:11.274 정보 [main] org.apache.catalina.startup.VersionLoggerListener.log CATALINA_BASE:     /Users/sanghyeonkim/Downloads/apache-tomcat-8.5.65
19-Apr-2021 14:47:11.274 정보 [main] org.apache.catalina.startup.VersionLoggerListener.log CATALINA_HOME:     /Users/sanghyeonkim/Downloads/apache-tomcat-8.5.65
19-Apr-2021 14:47:11.276 정보 [main] org.apache.catalina.startup.VersionLoggerListener.log 명령 행 아규먼트:  -Xoptionsfile=/Library/Java/JavaVirtualMachines/adoptopenjdk-11-openj9.jdk/Contents/Home/lib/options.default
19-Apr-2021 14:47:11.276 정보 [main] org.apache.catalina.startup.VersionLoggerListener.log 명령 행 아규먼트:  -Xlockword:mode=default,noLockword=java/lang/String,noLockword=java/util/MapEntry,noLockword=java/util/HashMap$Entry,noLockword=org/apache/harmony/luni/util/ModifiedMap$Entry,noLockword=java/util/Hashtable$Entry,noLockword=java/lang/invoke/MethodType,noLockword=java/lang/invoke/MethodHandle,noLockword=java/lang/invoke/CollectHandle,noLockword=java/lang/invoke/ConstructorHandle,noLockword=java/lang/invoke/ConvertHandle,noLockword=java/lang/invoke/ArgumentConversionHandle,noLockword=java/lang/invoke/AsTypeHandle,noLockword=java/lang/invoke/ExplicitCastHandle,noLockword=java/lang/invoke/FilterReturnHandle,noLockword=java/lang/invoke/DirectHandle,noLockword=java/lang/invoke/ReceiverBoundHandle,noLockword=java/lang/invoke/DynamicInvokerHandle,noLockword=java/lang/invoke/FieldHandle,noLockword=java/lang/invoke/FieldGetterHandle,noLockword=java/lang/invoke/FieldSetterHandle,noLockword=java/lang/invoke/StaticFieldGetterHandle,noLockword=java/lang/invoke/StaticFieldSetterHandle,noLockword=java/lang/invoke/IndirectHandle,noLockword=java/lang/invoke/InterfaceHandle,noLockword=java/lang/invoke/VirtualHandle,noLockword=java/lang/invoke/PrimitiveHandle,noLockword=java/lang/invoke/InvokeExactHandle,noLockword=java/lang/invoke/InvokeGenericHandle,noLockword=java/lang/invoke/VarargsCollectorHandle,noLockword=java/lang/invoke/ThunkTuple
19-Apr-2021 14:47:11.277 정보 [main] org.apache.catalina.startup.VersionLoggerListener.log 명령 행 아규먼트:  -Xjcl:jclse29
19-Apr-2021 14:47:11.277 정보 [main] org.apache.catalina.startup.VersionLoggerListener.log 명령 행 아규먼트:  -Dcom.ibm.oti.vm.bootstrap.library.path=/Library/Java/JavaVirtualMachines/adoptopenjdk-11-openj9.jdk/Contents/Home/lib/default:/Library/Java/JavaVirtualMachines/adoptopenjdk-11-openj9.jdk/Contents/Home/lib
19-Apr-2021 14:47:11.277 정보 [main] org.apache.catalina.startup.VersionLoggerListener.log 명령 행 아규먼트:  -Dsun.boot.library.path=/Library/Java/JavaVirtualMachines/adoptopenjdk-11-openj9.jdk/Contents/Home/lib/default:/Library/Java/JavaVirtualMachines/adoptopenjdk-11-openj9.jdk/Contents/Home/lib
19-Apr-2021 14:47:11.277 정보 [main] org.apache.catalina.startup.VersionLoggerListener.log 명령 행 아규먼트:  -Djava.library.path=/Library/Java/JavaVirtualMachines/adoptopenjdk-11-openj9.jdk/Contents/Home/lib/default:/Library/Java/JavaVirtualMachines/adoptopenjdk-11-openj9.jdk/Contents/Home/lib:/usr/lib
19-Apr-2021 14:47:11.277 정보 [main] org.apache.catalina.startup.VersionLoggerListener.log 명령 행 아규먼트:  -Djava.home=/Library/Java/JavaVirtualMachines/adoptopenjdk-11-openj9.jdk/Contents/Home
19-Apr-2021 14:47:11.277 정보 [main] org.apache.catalina.startup.VersionLoggerListener.log 명령 행 아규먼트:  -Duser.dir=/Users/sanghyeonkim/Downloads/apache-tomcat-8.5.65/bin
19-Apr-2021 14:47:11.278 정보 [main] org.apache.catalina.startup.VersionLoggerListener.log 명령 행 아규먼트:  --add-opens=java.base/java.lang=ALL-UNNAMED
19-Apr-2021 14:47:11.278 정보 [main] org.apache.catalina.startup.VersionLoggerListener.log 명령 행 아규먼트:  --add-opens=java.base/java.io=ALL-UNNAMED
19-Apr-2021 14:47:11.278 정보 [main] org.apache.catalina.startup.VersionLoggerListener.log 명령 행 아규먼트:  --add-opens=java.base/java.util=ALL-UNNAMED
19-Apr-2021 14:47:11.278 정보 [main] org.apache.catalina.startup.VersionLoggerListener.log 명령 행 아규먼트:  --add-opens=java.base/java.util.concurrent=ALL-UNNAMED
19-Apr-2021 14:47:11.278 정보 [main] org.apache.catalina.startup.VersionLoggerListener.log 명령 행 아규먼트:  --add-opens=java.rmi/sun.rmi.transport=ALL-UNNAMED
19-Apr-2021 14:47:11.278 정보 [main] org.apache.catalina.startup.VersionLoggerListener.log 명령 행 아규먼트:  -Djava.util.logging.config.file=/Users/sanghyeonkim/Downloads/apache-tomcat-8.5.65/conf/logging.properties
19-Apr-2021 14:47:11.279 정보 [main] org.apache.catalina.startup.VersionLoggerListener.log 명령 행 아규먼트:  -Djava.util.logging.manager=org.apache.juli.ClassLoaderLogManager
19-Apr-2021 14:47:11.279 정보 [main] org.apache.catalina.startup.VersionLoggerListener.log 명령 행 아규먼트:  -Djdk.tls.ephemeralDHKeySize=2048
19-Apr-2021 14:47:11.279 정보 [main] org.apache.catalina.startup.VersionLoggerListener.log 명령 행 아규먼트:  -Djava.protocol.handler.pkgs=org.apache.catalina.webresources
19-Apr-2021 14:47:11.279 정보 [main] org.apache.catalina.startup.VersionLoggerListener.log 명령 행 아규먼트:  -Dorg.apache.catalina.security.SecurityListener.UMASK=0027
19-Apr-2021 14:47:11.279 정보 [main] org.apache.catalina.startup.VersionLoggerListener.log 명령 행 아규먼트:  -Dignore.endorsed.dirs=
19-Apr-2021 14:47:11.279 정보 [main] org.apache.catalina.startup.VersionLoggerListener.log 명령 행 아규먼트:  -Djava.class.path=/Users/sanghyeonkim/Downloads/apache-tomcat-8.5.65/bin/bootstrap.jar:/Users/sanghyeonkim/Downloads/apache-tomcat-8.5.65/bin/tomcat-juli.jar
19-Apr-2021 14:47:11.279 정보 [main] org.apache.catalina.startup.VersionLoggerListener.log 명령 행 아규먼트:  -Dcatalina.base=/Users/sanghyeonkim/Downloads/apache-tomcat-8.5.65
19-Apr-2021 14:47:11.279 정보 [main] org.apache.catalina.startup.VersionLoggerListener.log 명령 행 아규먼트:  -Dcatalina.home=/Users/sanghyeonkim/Downloads/apache-tomcat-8.5.65
19-Apr-2021 14:47:11.280 정보 [main] org.apache.catalina.startup.VersionLoggerListener.log 명령 행 아규먼트:  -Djava.io.tmpdir=/Users/sanghyeonkim/Downloads/apache-tomcat-8.5.65/temp
19-Apr-2021 14:47:11.280 정보 [main] org.apache.catalina.startup.VersionLoggerListener.log 명령 행 아규먼트:  -Dsun.java.command=org.apache.catalina.startup.Bootstrap start
19-Apr-2021 14:47:11.280 정보 [main] org.apache.catalina.startup.VersionLoggerListener.log 명령 행 아규먼트:  -Dsun.java.launcher=SUN_STANDARD
19-Apr-2021 14:47:11.280 정보 [main] org.apache.catalina.core.AprLifecycleListener.lifecycleEvent 프로덕션 환경들에서 최적의 성능을 제공하는, APR 기반 Apache Tomcat Native 라이브러리가, 다음 java.library.path에서 발견되지 않습니다: [/Library/Java/JavaVirtualMachines/adoptopenjdk-11-openj9.jdk/Contents/Home/lib/default:/Library/Java/JavaVirtualMachines/adoptopenjdk-11-openj9.jdk/Contents/Home/lib:/usr/lib]
19-Apr-2021 14:47:11.322 정보 [main] org.apache.coyote.AbstractProtocol.init 프로토콜 핸들러 ["http-nio-8080"]을(를) 초기화합니다.
19-Apr-2021 14:47:11.358 정보 [main] org.apache.tomcat.util.net.NioSelectorPool.getSharedSelector Using a shared selector for servlet write/read
19-Apr-2021 14:47:11.371 정보 [main] org.apache.catalina.startup.Catalina.load Initialization processed in 535 ms
19-Apr-2021 14:47:11.400 정보 [main] org.apache.catalina.core.StandardService.startInternal 서비스 [Catalina]을(를) 시작합니다.
19-Apr-2021 14:47:11.400 정보 [main] org.apache.catalina.core.StandardEngine.startInternal 서버 엔진을 시작합니다: [Apache Tomcat/8.5.65]
19-Apr-2021 14:47:11.409 정보 [localhost-startStop-1] org.apache.catalina.startup.HostConfig.deployDirectory 웹 애플리케이션 디렉토리 [/Users/sanghyeonkim/Downloads/apache-tomcat-8.5.65/webapps/docs]을(를) 배치합니다.
19-Apr-2021 14:47:11.710 정보 [localhost-startStop-1] org.apache.catalina.startup.HostConfig.deployDirectory 웹 애플리케이션 디렉토리 [/Users/sanghyeonkim/Downloads/apache-tomcat-8.5.65/webapps/docs]에 대한 배치가 [299] 밀리초에 완료되었습니다.
19-Apr-2021 14:47:11.710 정보 [localhost-startStop-1] org.apache.catalina.startup.HostConfig.deployDirectory 웹 애플리케이션 디렉토리 [/Users/sanghyeonkim/Downloads/apache-tomcat-8.5.65/webapps/manager]을(를) 배치합니다.
19-Apr-2021 14:47:11.766 정보 [localhost-startStop-1] org.apache.catalina.startup.HostConfig.deployDirectory 웹 애플리케이션 디렉토리 [/Users/sanghyeonkim/Downloads/apache-tomcat-8.5.65/webapps/manager]에 대한 배치가 [55] 밀리초에 완료되었습니다.
19-Apr-2021 14:47:11.766 정보 [localhost-startStop-1] org.apache.catalina.startup.HostConfig.deployDirectory 웹 애플리케이션 디렉토리 [/Users/sanghyeonkim/Downloads/apache-tomcat-8.5.65/webapps/examples]을(를) 배치합니다.
19-Apr-2021 14:47:12.131 정보 [localhost-startStop-1] org.apache.catalina.startup.HostConfig.deployDirectory 웹 애플리케이션 디렉토리 [/Users/sanghyeonkim/Downloads/apache-tomcat-8.5.65/webapps/examples]에 대한 배치가 [364] 밀리초에 완료되었습니다.
19-Apr-2021 14:47:12.131 정보 [localhost-startStop-1] org.apache.catalina.startup.HostConfig.deployDirectory 웹 애플리케이션 디렉토리 [/Users/sanghyeonkim/Downloads/apache-tomcat-8.5.65/webapps/ROOT]을(를) 배치합니다.
19-Apr-2021 14:47:12.152 정보 [localhost-startStop-1] org.apache.catalina.startup.HostConfig.deployDirectory 웹 애플리케이션 디렉토리 [/Users/sanghyeonkim/Downloads/apache-tomcat-8.5.65/webapps/ROOT]에 대한 배치가 [21] 밀리초에 완료되었습니다.
19-Apr-2021 14:47:12.153 정보 [localhost-startStop-1] org.apache.catalina.startup.HostConfig.deployDirectory 웹 애플리케이션 디렉토리 [/Users/sanghyeonkim/Downloads/apache-tomcat-8.5.65/webapps/host-manager]을(를) 배치합니다.
19-Apr-2021 14:47:12.176 정보 [localhost-startStop-1] org.apache.catalina.startup.HostConfig.deployDirectory 웹 애플리케이션 디렉토리 [/Users/sanghyeonkim/Downloads/apache-tomcat-8.5.65/webapps/host-manager]에 대한 배치가 [23] 밀리초에 완료되었습니다.
19-Apr-2021 14:47:12.179 정보 [main] org.apache.coyote.AbstractProtocol.start 프로토콜 핸들러 ["http-nio-8080"]을(를) 시작합니다.
19-Apr-2021 14:47:12.189 정보 [main] org.apache.catalina.startup.Catalina.start Server startup in 817 ms
19-Apr-2021 15:05:50.306 정보 [main] org.apache.catalina.core.StandardServer.await 셧다운 포트를 통해 유효한 셧다운 명령을 받았습니다. 서버 인스턴스를 중지시킵니다.
19-Apr-2021 15:05:50.308 정보 [main] org.apache.coyote.AbstractProtocol.pause 프로토콜 핸들러 ["http-nio-8080"]을(를) 일시 정지 중
19-Apr-2021 15:05:50.320 정보 [main] org.apache.catalina.core.StandardService.stopInternal 서비스 [Catalina]을(를) 중지시킵니다.
19-Apr-2021 15:05:50.432 정보 [main] org.apache.coyote.AbstractProtocol.stop 프로토콜 핸들러 ["http-nio-8080"]을(를) 중지시킵니다.
19-Apr-2021 15:05:50.456 정보 [main] org.apache.coyote.AbstractProtocol.destroy 프로토콜 핸들러 ["http-nio-8080"]을(를) 소멸시킵니다.
